Build started 11/4/2015 9:10:27 PM.
     1>Project "C:\Users\Dan\Documents\GitHub\SFMLGame\SFMLGame\SFMLGame.vcxproj" on node 2 (Build target(s)).
     1>ClCompile:
         C:\Program Files (x86)\Microsoft Visual Studio 12.0\VC\bin\CL.exe /c /I"F:\Programming\SFML\SFML-2.3.2\include" /I"C:\SFML\SFML-2.3.1\include" /ZI /nologo /W3 /WX- /sdl /Od /Oy- /D SFML_STATIC /D _MBCS /Gm /EHsc /RTC1 /MDd /GS /fp:precise /Zc:wchar_t /Zc:forScope /Fo"Debug\\" /Fd"Debug\vc120.pdb" /Gd /TP /analyze- /errorReport:prompt Helios\helios_baseobj.cpp Helios\helios_collision.cpp Helios\helios_room.cpp Helios\helios_sprobj.cpp bat.cpp main.cpp
         helios_sprobj.cpp
         helios_baseobj.cpp
         Generating Code...
         Compiling...
         main.cpp
         bat.cpp
         helios_room.cpp
     1>c:\users\dan\documents\github\sfmlgame\sfmlgame\helios\helios_room.cpp(38): warning C4018: '<' : signed/unsigned mismatch
     1>c:\users\dan\documents\github\sfmlgame\sfmlgame\helios\helios_room.cpp(44): warning C4018: '>' : signed/unsigned mismatch
         helios_collision.cpp
         Generating Code...
       Link:
         C:\Program Files (x86)\Microsoft Visual Studio 12.0\VC\bin\link.exe /ERRORREPORT:PROMPT /OUT:"C:\Users\Dan\Documents\GitHub\SFMLGame\Debug\SFMLGame.exe" /INCREMENTAL /NOLOGO /LIBPATH:"F:\Programming\SFML\SFML-2.3.2\lib" /LIBPATH:"C:\SFML\SFML-2.3.1\lib" opengl32.lib freetype.lib jpeg.lib winmm.lib gdi32.lib openal32.lib flac.lib vorbisenc.lib vorbisfile.lib vorbis.lib ogg.lib "sfml-system-s-d.lib" "sfml-graphics-s-d.lib" "sfml-window-s-d.lib" "sfml-audio-s-d.lib" kernel32.lib user32.lib gdi32.lib winspool.lib comdlg32.lib advapi32.lib shell32.lib ole32.lib oleaut32.lib uuid.lib odbc32.lib odbccp32.lib /MANIFEST /MANIFESTUAC:"level='asInvoker' uiAccess='false'" /manifest:embed /DEBUG /PDB:"C:\Users\Dan\Documents\GitHub\SFMLGame\Debug\SFMLGame.pdb" /TLBID:1 /DYNAMICBASE /NXCOMPAT /IMPLIB:"C:\Users\Dan\Documents\GitHub\SFMLGame\Debug\SFMLGame.lib" /MACHINE:X86 Debug\bat.obj
         Debug\helios_baseobj.obj
         Debug\helios_collision.obj
         Debug\helios_room.obj
         Debug\helios_sprobj.obj
         Debug\main.obj
     1>bat.obj : error LNK2019: unresolved external symbol "public: virtual __thiscall Helios::SprObj::~SprObj(void)" (??1SprObj@Helios@@UAE@XZ) referenced in function "public: virtual __thiscall Pong::Bat::~Bat(void)" (??1Bat@Pong@@UAE@XZ)
     1>helios_sprobj.obj : error LNK2001: unresolved external symbol "public: virtual __thiscall Helios::SprObj::~SprObj(void)" (??1SprObj@Helios@@UAE@XZ)
     1>bat.obj : error LNK2001: unresolved external symbol "public: virtual void __thiscall Pong::Bat::Update(void)" (?Update@Bat@Pong@@UAEXXZ)
     1>bat.obj : error LNK2001: unresolved external symbol "protected: virtual void __thiscall Pong::Bat::draw(class sf::RenderTarget &,class sf::RenderStates)" (?draw@Bat@Pong@@MAEXAAVRenderTarget@sf@@VRenderStates@4@@Z)
     1>C:\Users\Dan\Documents\GitHub\SFMLGame\Debug\SFMLGame.exe : fatal error LNK1120: 3 unresolved externals
     1>Done Building Project "C:\Users\Dan\Documents\GitHub\SFMLGame\SFMLGame\SFMLGame.vcxproj" (Build target(s)) -- FAILED.

Build FAILED.

Time Elapsed 00:00:07.66
