Build started 12/10/2015 2:18:12 PM.
     1>Project "C:\Users\Dan\Documents\GitHub\Project-Perfect-Citizen\Project-Perfect-Citizen\Project-Perfect-Citizen.vcxproj" on node 2 (Build target(s)).
     1>ClCompile:
         C:\Program Files (x86)\Microsoft Visual Studio 12.0\VC\bin\CL.exe /c /I"C:\SFML\SFML-2.3.1\include" /ZI /nologo /W3 /WX- /sdl /Od /Oy- /D SFML_STATIC /D _MBCS /Gm /EHsc /RTC1 /MDd /GS /fp:precise /Zc:wchar_t /Zc:forScope /Fo"Debug\\" /Fd"Debug\vc120.pdb" /Gd /TP /analyze- /errorReport:prompt Code\Engine\ppc_computer.cpp Code\Engine\ppc_window.cpp Code\main.cpp
         main.cpp
         Generating Code...
         Compiling...
         ppc_computer.cpp
         Generating Code...
         Compiling...
         ppc_window.cpp
         Generating Code...
       Link:
         C:\Program Files (x86)\Microsoft Visual Studio 12.0\VC\bin\link.exe /ERRORREPORT:PROMPT /OUT:"C:\Users\Dan\Documents\GitHub\Project-Perfect-Citizen\Debug\Project-Perfect-Citizen.exe" /INCREMENTAL /NOLOGO /LIBPATH:"C:\SFML\SFML-2.3.1\lib" winmm.lib opengl32.lib gdi32.lib freetype.lib jpeg.lib openal32.lib flac.lib vorbisenc.lib vorbisfile.lib vorbis.lib ogg.lib ws2_32.lib "sfml-network-s-d.lib" "sfml-system-s-d.lib" "sfml-window-s-d.lib" "sfml-graphics-s-d.lib" "sfml-audio-s-d.lib" kernel32.lib user32.lib gdi32.lib winspool.lib comdlg32.lib advapi32.lib shell32.lib ole32.lib oleaut32.lib uuid.lib odbc32.lib odbccp32.lib /MANIFEST /MANIFESTUAC:"level='asInvoker' uiAccess='false'" /manifest:embed /DEBUG /PDB:"C:\Users\Dan\Documents\GitHub\Project-Perfect-Citizen\Debug\Project-Perfect-Citizen.pdb" /TLBID:1 /DYNAMICBASE /NXCOMPAT /IMPLIB:"C:\Users\Dan\Documents\GitHub\Project-Perfect-Citizen\Debug\Project-Perfect-Citizen.lib" /MACHINE:X86 Debug\ppc_window.obj
         Debug\ppc_window_feature.obj
         Debug\ppc_computer.obj
         Debug\main.obj
         Project-Perfect-Citizen.vcxproj -> C:\Users\Dan\Documents\GitHub\Project-Perfect-Citizen\Debug\Project-Perfect-Citizen.exe
     1>Done Building Project "C:\Users\Dan\Documents\GitHub\Project-Perfect-Citizen\Project-Perfect-Citizen\Project-Perfect-Citizen.vcxproj" (Build target(s)).

Build succeeded.

Time Elapsed 00:00:01.91
